ERROR: 2025/07/19 08:50:23 logger.go:35: Hello: test error
ERROR: 2025/07/19 08:50:51 logger.go:35: Hello: <nil>
ERROR: 2025/07/19 08:52:05 logger.go:35: Hello: <nil>
ERROR: 2025/07/19 08:52:33 logger.go:35: Hello: <nil>
ERROR: 2025/07/19 08:52:39 logger.go:35: Hello: <nil>
ERROR: 2025/07/19 08:53:01 logger.go:35: Hello: <nil>
ERROR: 2025/07/19 09:03:37 logger.go:35: Hello: <nil>
ERROR: 2025/07/20 13:25:57 logger.go:35: Hello: <nil>
ERROR: 2025/07/23 06:05:14 logger.go:35: Hello: <nil>
ERROR: 2025/07/23 06:10:12 logger.go:35: Hello: <nil>
ERROR: 2025/07/23 06:29:03 logger.go:35: Hello: <nil>
ERROR: 2025/07/23 12:36:30 logger.go:35: Hello: <nil>
ERROR: 2025/07/25 05:23:23 logger.go:35: Hello: <nil>
ERROR: 2025/07/25 06:39:25 logger.go:35: Hello: <nil>
ERROR: 2025/07/25 07:05:39 logger.go:35: Hello: <nil>
ERROR: 2025/07/25 07:06:44 logger.go:35: Hello: <nil>
ERROR: 2025/07/25 07:45:03 logger.go:35: Hello: <nil>
ERROR: 2025/07/25 07:48:54 logger.go:35: Hello: <nil>
ERROR: 2025/07/25 08:07:49 logger.go:35: Hello: <nil>
ERROR: 2025/07/25 08:18:12 logger.go:35: Hello: <nil>
ERROR: 2025/07/25 08:27:16 logger.go:35: Hello: <nil>
ERROR: 2025/07/27 16:07:06 logger.go:35: Hello: <nil>
ERROR: 2025/07/27 16:17:26 logger.go:35: Hello: <nil>
ERROR: 2025/07/27 16:19:07 logger.go:35: Hello: <nil>
ERROR: 2025/07/27 16:20:40 logger.go:35: Hello: <nil>
ERROR: 2025/07/27 16:23:00 logger.go:35: Hello: <nil>
ERROR: 2025/07/27 16:23:04 logger.go:35: Hello: <nil>
ERROR: 2025/07/27 16:23:06 logger.go:35: Hello: <nil>
ERROR: 2025/07/29 09:49:35 logger.go:35: Hello: <nil>
ERROR: 2025/07/29 10:13:12 logger.go:35: Hello: <nil>
ERROR: 2025/07/29 10:20:28 logger.go:35: Hello: <nil>
ERROR: 2025/07/29 14:06:46 logger.go:35: Hello: <nil>
ERROR: 2025/07/29 14:39:58 logger.go:35: Hello: <nil>
ERROR: 2025/07/29 14:46:34 logger.go:35: Hello: <nil>
ERROR: 2025/07/30 11:24:38 logger.go:35: Hello: <nil>
ERROR: 2025/07/30 11:28:31 logger.go:35: Hello: <nil>
ERROR: 2025/07/30 11:29:35 logger.go:35: Hello: <nil>
ERROR: 2025/07/30 11:29:38 logger.go:35: Hello: <nil>
ERROR: 2025/07/30 11:29:59 logger.go:35: Hello: <nil>
ERROR: 2025/07/30 11:30:28 logger.go:35: Hello: <nil>
ERROR: 2025/08/03 06:49:15 logger.go:35: Hello: <nil>
ERROR: 2025/08/03 06:50:21 logger.go:35: Hello: <nil>
ERROR: 2025/08/03 07:59:11 logger.go:35: Hello: <nil>
ERROR: 2025/08/03 08:11:36 logger.go:35: Hello: <nil>
ERROR: 2025/08/03 08:12:08 logger.go:35: Hello: <nil>
ERROR: 2025/08/03 08:14:04 logger.go:35: Hello: <nil>
ERROR: 2025/08/03 08:14:29 logger.go:35: Hello: <nil>
ERROR: 2025/08/03 08:22:04 logger.go:35: Hello: <nil>
ERROR: 2025/08/03 08:22:09 logger.go:35: Hello: <nil>
ERROR: 2025/08/03 08:22:15 logger.go:35: Hello: <nil>
ERROR: 2025/08/03 08:25:46 logger.go:35: Hello: <nil>
ERROR: 2025/08/03 08:27:40 logger.go:35: Hello: <nil>
ERROR: 2025/08/03 08:27:43 logger.go:35: Hello: <nil>
ERROR: 2025/08/03 08:27:49 logger.go:35: Hello: <nil>
ERROR: 2025/08/03 08:27:54 logger.go:35: Hello: <nil>
ERROR: 2025/08/03 08:28:02 logger.go:35: Hello: <nil>
ERROR: 2025/08/03 08:31:22 logger.go:35: Hello: <nil>
ERROR: 2025/08/03 08:38:36 logger.go:35: Hello: <nil>
ERROR: 2025/08/03 08:38:42 logger.go:35: Hello: <nil>
ERROR: 2025/08/03 08:41:43 logger.go:35: Hello: <nil>
ERROR: 2025/08/03 08:41:55 logger.go:35: Hello: <nil>
ERROR: 2025/08/03 08:42:05 logger.go:35: Hello: <nil>
ERROR: 2025/08/03 08:42:57 logger.go:35: Hello: <nil>
ERROR: 2025/08/03 08:43:55 logger.go:35: Hello: <nil>
ERROR: 2025/08/03 08:44:02 logger.go:35: Hello: <nil>
ERROR: 2025/08/03 08:45:12 logger.go:35: Hello: <nil>
ERROR: 2025/08/03 08:45:18 logger.go:35: Hello: <nil>
ERROR: 2025/08/03 08:46:52 logger.go:35: Hello: <nil>
ERROR: 2025/08/03 08:47:07 logger.go:35: Hello: <nil>
ERROR: 2025/08/11 06:14:12 logger.go:35: Hello: <nil>
ERROR: 2025/08/11 06:27:08 logger.go:35: Hello: <nil>
ERROR: 2025/08/11 06:33:52 logger.go:35: Hello: <nil>
ERROR: 2025/08/11 06:35:38 logger.go:35: Failed to query movies: dial tcp: lookup pg-movielist-cyrusk81-829a.e.aivencloud.com: no such host
ERROR: 2025/08/11 06:35:38 logger.go:35: Failed to query movies: dial tcp: lookup pg-movielist-cyrusk81-829a.e.aivencloud.com: no such host
ERROR: 2025/08/11 06:35:38 logger.go:35: Failed to get movies: dial tcp: lookup pg-movielist-cyrusk81-829a.e.aivencloud.com: no such host
ERROR: 2025/08/11 06:35:38 logger.go:35: Failed to get movies: dial tcp: lookup pg-movielist-cyrusk81-829a.e.aivencloud.com: no such host
ERROR: 2025/08/11 06:35:40 logger.go:35: Failed to query movies: dial tcp: lookup pg-movielist-cyrusk81-829a.e.aivencloud.com: getaddrinfow: This is usually a temporary error during hostname resolution and means that the local server did not receive a response from an authoritative server.
ERROR: 2025/08/11 06:35:40 logger.go:35: Failed to get movies: dial tcp: lookup pg-movielist-cyrusk81-829a.e.aivencloud.com: getaddrinfow: This is usually a temporary error during hostname resolution and means that the local server did not receive a response from an authoritative server.
ERROR: 2025/08/11 06:35:40 logger.go:35: Failed to query movies: dial tcp: lookup pg-movielist-cyrusk81-829a.e.aivencloud.com: getaddrinfow: This is usually a temporary error during hostname resolution and means that the local server did not receive a response from an authoritative server.
ERROR: 2025/08/11 06:35:40 logger.go:35: Failed to get movies: dial tcp: lookup pg-movielist-cyrusk81-829a.e.aivencloud.com: getaddrinfow: This is usually a temporary error during hostname resolution and means that the local server did not receive a response from an authoritative server.
ERROR: 2025/08/11 06:35:40 logger.go:35: Failed to query movies: dial tcp: lookup pg-movielist-cyrusk81-829a.e.aivencloud.com: getaddrinfow: This is usually a temporary error during hostname resolution and means that the local server did not receive a response from an authoritative server.
ERROR: 2025/08/11 06:35:40 logger.go:35: Failed to get movies: dial tcp: lookup pg-movielist-cyrusk81-829a.e.aivencloud.com: getaddrinfow: This is usually a temporary error during hostname resolution and means that the local server did not receive a response from an authoritative server.
ERROR: 2025/08/11 06:35:40 logger.go:35: Failed to query movies: dial tcp: lookup pg-movielist-cyrusk81-829a.e.aivencloud.com: getaddrinfow: This is usually a temporary error during hostname resolution and means that the local server did not receive a response from an authoritative server.
ERROR: 2025/08/11 06:35:40 logger.go:35: Failed to get movies: dial tcp: lookup pg-movielist-cyrusk81-829a.e.aivencloud.com: getaddrinfow: This is usually a temporary error during hostname resolution and means that the local server did not receive a response from an authoritative server.
ERROR: 2025/08/11 06:35:41 logger.go:35: Failed to query movies: dial tcp: lookup pg-movielist-cyrusk81-829a.e.aivencloud.com: getaddrinfow: This is usually a temporary error during hostname resolution and means that the local server did not receive a response from an authoritative server.
ERROR: 2025/08/11 06:35:41 logger.go:35: Failed to get movies: dial tcp: lookup pg-movielist-cyrusk81-829a.e.aivencloud.com: getaddrinfow: This is usually a temporary error during hostname resolution and means that the local server did not receive a response from an authoritative server.
ERROR: 2025/08/11 06:35:41 logger.go:35: Failed to query movies: dial tcp: lookup pg-movielist-cyrusk81-829a.e.aivencloud.com: getaddrinfow: This is usually a temporary error during hostname resolution and means that the local server did not receive a response from an authoritative server.
ERROR: 2025/08/11 06:35:41 logger.go:35: Failed to get movies: dial tcp: lookup pg-movielist-cyrusk81-829a.e.aivencloud.com: getaddrinfow: This is usually a temporary error during hostname resolution and means that the local server did not receive a response from an authoritative server.
ERROR: 2025/08/11 06:35:41 logger.go:35: Failed to query movies: dial tcp: lookup pg-movielist-cyrusk81-829a.e.aivencloud.com: getaddrinfow: This is usually a temporary error during hostname resolution and means that the local server did not receive a response from an authoritative server.
ERROR: 2025/08/11 06:35:41 logger.go:35: Failed to get movies: dial tcp: lookup pg-movielist-cyrusk81-829a.e.aivencloud.com: getaddrinfow: This is usually a temporary error during hostname resolution and means that the local server did not receive a response from an authoritative server.
ERROR: 2025/08/11 06:35:41 logger.go:35: Failed to query movies: dial tcp: lookup pg-movielist-cyrusk81-829a.e.aivencloud.com: getaddrinfow: This is usually a temporary error during hostname resolution and means that the local server did not receive a response from an authoritative server.
ERROR: 2025/08/11 06:35:41 logger.go:35: Failed to get movies: dial tcp: lookup pg-movielist-cyrusk81-829a.e.aivencloud.com: getaddrinfow: This is usually a temporary error during hostname resolution and means that the local server did not receive a response from an authoritative server.
ERROR: 2025/08/11 06:35:41 logger.go:35: Failed to query movies: dial tcp: lookup pg-movielist-cyrusk81-829a.e.aivencloud.com: getaddrinfow: This is usually a temporary error during hostname resolution and means that the local server did not receive a response from an authoritative server.
ERROR: 2025/08/11 06:35:41 logger.go:35: Failed to get movies: dial tcp: lookup pg-movielist-cyrusk81-829a.e.aivencloud.com: getaddrinfow: This is usually a temporary error during hostname resolution and means that the local server did not receive a response from an authoritative server.
ERROR: 2025/08/11 06:35:41 logger.go:35: Failed to query movies: dial tcp: lookup pg-movielist-cyrusk81-829a.e.aivencloud.com: getaddrinfow: This is usually a temporary error during hostname resolution and means that the local server did not receive a response from an authoritative server.
ERROR: 2025/08/11 06:35:41 logger.go:35: Failed to get movies: dial tcp: lookup pg-movielist-cyrusk81-829a.e.aivencloud.com: getaddrinfow: This is usually a temporary error during hostname resolution and means that the local server did not receive a response from an authoritative server.
ERROR: 2025/08/11 06:35:41 logger.go:35: Failed to query movies: dial tcp: lookup pg-movielist-cyrusk81-829a.e.aivencloud.com: getaddrinfow: This is usually a temporary error during hostname resolution and means that the local server did not receive a response from an authoritative server.
ERROR: 2025/08/11 06:35:41 logger.go:35: Failed to query movies: dial tcp: lookup pg-movielist-cyrusk81-829a.e.aivencloud.com: getaddrinfow: This is usually a temporary error during hostname resolution and means that the local server did not receive a response from an authoritative server.
ERROR: 2025/08/11 06:35:41 logger.go:35: Failed to get movies: dial tcp: lookup pg-movielist-cyrusk81-829a.e.aivencloud.com: getaddrinfow: This is usually a temporary error during hostname resolution and means that the local server did not receive a response from an authoritative server.
ERROR: 2025/08/11 06:35:41 logger.go:35: Failed to get movies: dial tcp: lookup pg-movielist-cyrusk81-829a.e.aivencloud.com: getaddrinfow: This is usually a temporary error during hostname resolution and means that the local server did not receive a response from an authoritative server.
ERROR: 2025/08/11 06:35:41 logger.go:35: Failed to query movies: dial tcp: lookup pg-movielist-cyrusk81-829a.e.aivencloud.com: getaddrinfow: This is usually a temporary error during hostname resolution and means that the local server did not receive a response from an authoritative server.
ERROR: 2025/08/11 06:35:41 logger.go:35: Failed to get movies: dial tcp: lookup pg-movielist-cyrusk81-829a.e.aivencloud.com: getaddrinfow: This is usually a temporary error during hostname resolution and means that the local server did not receive a response from an authoritative server.
ERROR: 2025/08/11 06:35:41 logger.go:35: Failed to query movies: dial tcp: lookup pg-movielist-cyrusk81-829a.e.aivencloud.com: getaddrinfow: This is usually a temporary error during hostname resolution and means that the local server did not receive a response from an authoritative server.
ERROR: 2025/08/11 06:35:41 logger.go:35: Failed to get movies: dial tcp: lookup pg-movielist-cyrusk81-829a.e.aivencloud.com: getaddrinfow: This is usually a temporary error during hostname resolution and means that the local server did not receive a response from an authoritative server.
ERROR: 2025/08/11 06:35:41 logger.go:35: Failed to query movies: dial tcp: lookup pg-movielist-cyrusk81-829a.e.aivencloud.com: getaddrinfow: This is usually a temporary error during hostname resolution and means that the local server did not receive a response from an authoritative server.
ERROR: 2025/08/11 06:35:41 logger.go:35: Failed to get movies: dial tcp: lookup pg-movielist-cyrusk81-829a.e.aivencloud.com: getaddrinfow: This is usually a temporary error during hostname resolution and means that the local server did not receive a response from an authoritative server.
ERROR: 2025/08/11 06:35:41 logger.go:35: Failed to query movies: dial tcp: lookup pg-movielist-cyrusk81-829a.e.aivencloud.com: getaddrinfow: This is usually a temporary error during hostname resolution and means that the local server did not receive a response from an authoritative server.
ERROR: 2025/08/11 06:35:41 logger.go:35: Failed to get movies: dial tcp: lookup pg-movielist-cyrusk81-829a.e.aivencloud.com: getaddrinfow: This is usually a temporary error during hostname resolution and means that the local server did not receive a response from an authoritative server.
ERROR: 2025/08/11 06:36:45 logger.go:35: Failed to query movies: dial tcp: lookup pg-movielist-cyrusk81-829a.e.aivencloud.com: no such host
ERROR: 2025/08/11 06:36:45 logger.go:35: Failed to query movies: dial tcp: lookup pg-movielist-cyrusk81-829a.e.aivencloud.com: no such host
ERROR: 2025/08/11 06:36:45 logger.go:35: Failed to get movies: dial tcp: lookup pg-movielist-cyrusk81-829a.e.aivencloud.com: no such host
ERROR: 2025/08/11 06:36:45 logger.go:35: Failed to get movies: dial tcp: lookup pg-movielist-cyrusk81-829a.e.aivencloud.com: no such host
ERROR: 2025/08/11 06:37:18 logger.go:35: Failed to query movies: dial tcp: lookup pg-movielist-cyrusk81-829a.e.aivencloud.com: no such host
ERROR: 2025/08/11 06:37:18 logger.go:35: Failed to get movies: dial tcp: lookup pg-movielist-cyrusk81-829a.e.aivencloud.com: no such host
ERROR: 2025/08/11 06:37:18 logger.go:35: Failed to query movies: dial tcp: lookup pg-movielist-cyrusk81-829a.e.aivencloud.com: no such host
ERROR: 2025/08/11 06:37:18 logger.go:35: Failed to get movies: dial tcp: lookup pg-movielist-cyrusk81-829a.e.aivencloud.com: no such host
ERROR: 2025/08/11 06:41:53 logger.go:35: Failed to query movies: dial tcp: lookup pg-movielist-cyrusk81-829a.e.aivencloud.com: no such host
ERROR: 2025/08/11 06:41:53 logger.go:35: Failed to get movies: dial tcp: lookup pg-movielist-cyrusk81-829a.e.aivencloud.com: no such host
ERROR: 2025/08/11 06:47:41 logger.go:35: Error starting server: listen tcp :8080: bind: Only one usage of each socket address (protocol/network address/port) is normally permitted.
ERROR: 2025/08/11 06:49:19 logger.go:35: Failed to query movies: dial tcp: lookup pg-movielist-cyrusk81-829a.e.aivencloud.com: no such host
ERROR: 2025/08/11 06:49:19 logger.go:35: Failed to get movies: dial tcp: lookup pg-movielist-cyrusk81-829a.e.aivencloud.com: no such host
ERROR: 2025/08/11 06:49:19 logger.go:35: Failed to query movies: dial tcp: lookup pg-movielist-cyrusk81-829a.e.aivencloud.com: no such host
ERROR: 2025/08/11 06:49:19 logger.go:35: Failed to get movies: dial tcp: lookup pg-movielist-cyrusk81-829a.e.aivencloud.com: no such host
ERROR: 2025/08/11 06:49:20 logger.go:35: Failed to query movies: dial tcp: lookup pg-movielist-cyrusk81-829a.e.aivencloud.com: getaddrinfow: This is usually a temporary error during hostname resolution and means that the local server did not receive a response from an authoritative server.
ERROR: 2025/08/11 06:49:20 logger.go:35: Failed to get movies: dial tcp: lookup pg-movielist-cyrusk81-829a.e.aivencloud.com: getaddrinfow: This is usually a temporary error during hostname resolution and means that the local server did not receive a response from an authoritative server.
ERROR: 2025/08/11 06:49:20 logger.go:35: Failed to query movies: dial tcp: lookup pg-movielist-cyrusk81-829a.e.aivencloud.com: getaddrinfow: This is usually a temporary error during hostname resolution and means that the local server did not receive a response from an authoritative server.
ERROR: 2025/08/11 06:49:20 logger.go:35: Failed to get movies: dial tcp: lookup pg-movielist-cyrusk81-829a.e.aivencloud.com: getaddrinfow: This is usually a temporary error during hostname resolution and means that the local server did not receive a response from an authoritative server.
ERROR: 2025/08/11 06:49:20 logger.go:35: Failed to query movies: dial tcp: lookup pg-movielist-cyrusk81-829a.e.aivencloud.com: getaddrinfow: This is usually a temporary error during hostname resolution and means that the local server did not receive a response from an authoritative server.
ERROR: 2025/08/11 06:49:20 logger.go:35: Failed to get movies: dial tcp: lookup pg-movielist-cyrusk81-829a.e.aivencloud.com: getaddrinfow: This is usually a temporary error during hostname resolution and means that the local server did not receive a response from an authoritative server.
ERROR: 2025/08/11 06:49:20 logger.go:35: Failed to query movies: dial tcp: lookup pg-movielist-cyrusk81-829a.e.aivencloud.com: getaddrinfow: This is usually a temporary error during hostname resolution and means that the local server did not receive a response from an authoritative server.
ERROR: 2025/08/11 06:49:20 logger.go:35: Failed to get movies: dial tcp: lookup pg-movielist-cyrusk81-829a.e.aivencloud.com: getaddrinfow: This is usually a temporary error during hostname resolution and means that the local server did not receive a response from an authoritative server.
ERROR: 2025/08/11 06:49:20 logger.go:35: Failed to query movies: dial tcp: lookup pg-movielist-cyrusk81-829a.e.aivencloud.com: getaddrinfow: This is usually a temporary error during hostname resolution and means that the local server did not receive a response from an authoritative server.
ERROR: 2025/08/11 06:49:20 logger.go:35: Failed to get movies: dial tcp: lookup pg-movielist-cyrusk81-829a.e.aivencloud.com: getaddrinfow: This is usually a temporary error during hostname resolution and means that the local server did not receive a response from an authoritative server.
ERROR: 2025/08/11 06:49:20 logger.go:35: Failed to query movies: dial tcp: lookup pg-movielist-cyrusk81-829a.e.aivencloud.com: getaddrinfow: This is usually a temporary error during hostname resolution and means that the local server did not receive a response from an authoritative server.
ERROR: 2025/08/11 06:49:20 logger.go:35: Failed to get movies: dial tcp: lookup pg-movielist-cyrusk81-829a.e.aivencloud.com: getaddrinfow: This is usually a temporary error during hostname resolution and means that the local server did not receive a response from an authoritative server.
ERROR: 2025/08/11 06:49:20 logger.go:35: Failed to query movies: dial tcp: lookup pg-movielist-cyrusk81-829a.e.aivencloud.com: getaddrinfow: This is usually a temporary error during hostname resolution and means that the local server did not receive a response from an authoritative server.
ERROR: 2025/08/11 06:49:20 logger.go:35: Failed to get movies: dial tcp: lookup pg-movielist-cyrusk81-829a.e.aivencloud.com: getaddrinfow: This is usually a temporary error during hostname resolution and means that the local server did not receive a response from an authoritative server.
ERROR: 2025/08/11 06:49:20 logger.go:35: Failed to query movies: dial tcp: lookup pg-movielist-cyrusk81-829a.e.aivencloud.com: getaddrinfow: This is usually a temporary error during hostname resolution and means that the local server did not receive a response from an authoritative server.
ERROR: 2025/08/11 06:49:20 logger.go:35: Failed to get movies: dial tcp: lookup pg-movielist-cyrusk81-829a.e.aivencloud.com: getaddrinfow: This is usually a temporary error during hostname resolution and means that the local server did not receive a response from an authoritative server.
ERROR: 2025/08/11 06:49:21 logger.go:35: Failed to query movies: dial tcp: lookup pg-movielist-cyrusk81-829a.e.aivencloud.com: getaddrinfow: This is usually a temporary error during hostname resolution and means that the local server did not receive a response from an authoritative server.
ERROR: 2025/08/11 06:49:21 logger.go:35: Failed to get movies: dial tcp: lookup pg-movielist-cyrusk81-829a.e.aivencloud.com: getaddrinfow: This is usually a temporary error during hostname resolution and means that the local server did not receive a response from an authoritative server.
ERROR: 2025/08/11 06:49:21 logger.go:35: Failed to query movies: dial tcp: lookup pg-movielist-cyrusk81-829a.e.aivencloud.com: getaddrinfow: This is usually a temporary error during hostname resolution and means that the local server did not receive a response from an authoritative server.
ERROR: 2025/08/11 06:49:21 logger.go:35: Failed to get movies: dial tcp: lookup pg-movielist-cyrusk81-829a.e.aivencloud.com: getaddrinfow: This is usually a temporary error during hostname resolution and means that the local server did not receive a response from an authoritative server.
ERROR: 2025/08/11 06:49:21 logger.go:35: Failed to query movies: dial tcp: lookup pg-movielist-cyrusk81-829a.e.aivencloud.com: getaddrinfow: This is usually a temporary error during hostname resolution and means that the local server did not receive a response from an authoritative server.
ERROR: 2025/08/11 06:49:21 logger.go:35: Failed to get movies: dial tcp: lookup pg-movielist-cyrusk81-829a.e.aivencloud.com: getaddrinfow: This is usually a temporary error during hostname resolution and means that the local server did not receive a response from an authoritative server.
ERROR: 2025/08/11 06:49:21 logger.go:35: Failed to query movies: dial tcp: lookup pg-movielist-cyrusk81-829a.e.aivencloud.com: getaddrinfow: This is usually a temporary error during hostname resolution and means that the local server did not receive a response from an authoritative server.
ERROR: 2025/08/11 06:49:21 logger.go:35: Failed to get movies: dial tcp: lookup pg-movielist-cyrusk81-829a.e.aivencloud.com: getaddrinfow: This is usually a temporary error during hostname resolution and means that the local server did not receive a response from an authoritative server.
ERROR: 2025/08/11 06:49:21 logger.go:35: Failed to query movies: dial tcp: lookup pg-movielist-cyrusk81-829a.e.aivencloud.com: getaddrinfow: This is usually a temporary error during hostname resolution and means that the local server did not receive a response from an authoritative server.
ERROR: 2025/08/11 06:49:21 logger.go:35: Failed to get movies: dial tcp: lookup pg-movielist-cyrusk81-829a.e.aivencloud.com: getaddrinfow: This is usually a temporary error during hostname resolution and means that the local server did not receive a response from an authoritative server.
ERROR: 2025/08/11 06:49:21 logger.go:35: Failed to query movies: dial tcp: lookup pg-movielist-cyrusk81-829a.e.aivencloud.com: getaddrinfow: This is usually a temporary error during hostname resolution and means that the local server did not receive a response from an authoritative server.
ERROR: 2025/08/11 06:49:21 logger.go:35: Failed to get movies: dial tcp: lookup pg-movielist-cyrusk81-829a.e.aivencloud.com: getaddrinfow: This is usually a temporary error during hostname resolution and means that the local server did not receive a response from an authoritative server.
ERROR: 2025/08/11 06:49:21 logger.go:35: Failed to query movies: dial tcp: lookup pg-movielist-cyrusk81-829a.e.aivencloud.com: getaddrinfow: This is usually a temporary error during hostname resolution and means that the local server did not receive a response from an authoritative server.
ERROR: 2025/08/11 06:49:21 logger.go:35: Failed to query movies: dial tcp: lookup pg-movielist-cyrusk81-829a.e.aivencloud.com: getaddrinfow: This is usually a temporary error during hostname resolution and means that the local server did not receive a response from an authoritative server.
ERROR: 2025/08/11 06:49:21 logger.go:35: Failed to get movies: dial tcp: lookup pg-movielist-cyrusk81-829a.e.aivencloud.com: getaddrinfow: This is usually a temporary error during hostname resolution and means that the local server did not receive a response from an authoritative server.
ERROR: 2025/08/11 06:49:21 logger.go:35: Failed to get movies: dial tcp: lookup pg-movielist-cyrusk81-829a.e.aivencloud.com: getaddrinfow: This is usually a temporary error during hostname resolution and means that the local server did not receive a response from an authoritative server.
ERROR: 2025/08/11 06:49:21 logger.go:35: Failed to query movies: dial tcp: lookup pg-movielist-cyrusk81-829a.e.aivencloud.com: getaddrinfow: This is usually a temporary error during hostname resolution and means that the local server did not receive a response from an authoritative server.
ERROR: 2025/08/11 06:49:21 logger.go:35: Failed to get movies: dial tcp: lookup pg-movielist-cyrusk81-829a.e.aivencloud.com: getaddrinfow: This is usually a temporary error during hostname resolution and means that the local server did not receive a response from an authoritative server.
ERROR: 2025/08/11 06:49:21 logger.go:35: Failed to query movies: dial tcp: lookup pg-movielist-cyrusk81-829a.e.aivencloud.com: getaddrinfow: This is usually a temporary error during hostname resolution and means that the local server did not receive a response from an authoritative server.
ERROR: 2025/08/11 06:49:21 logger.go:35: Failed to get movies: dial tcp: lookup pg-movielist-cyrusk81-829a.e.aivencloud.com: getaddrinfow: This is usually a temporary error during hostname resolution and means that the local server did not receive a response from an authoritative server.
ERROR: 2025/08/11 06:49:21 logger.go:35: Failed to query movies: dial tcp: lookup pg-movielist-cyrusk81-829a.e.aivencloud.com: getaddrinfow: This is usually a temporary error during hostname resolution and means that the local server did not receive a response from an authoritative server.
ERROR: 2025/08/11 06:49:21 logger.go:35: Failed to query movies: dial tcp: lookup pg-movielist-cyrusk81-829a.e.aivencloud.com: getaddrinfow: This is usually a temporary error during hostname resolution and means that the local server did not receive a response from an authoritative server.
ERROR: 2025/08/11 06:49:21 logger.go:35: Failed to get movies: dial tcp: lookup pg-movielist-cyrusk81-829a.e.aivencloud.com: getaddrinfow: This is usually a temporary error during hostname resolution and means that the local server did not receive a response from an authoritative server.
ERROR: 2025/08/11 06:49:21 logger.go:35: Failed to get movies: dial tcp: lookup pg-movielist-cyrusk81-829a.e.aivencloud.com: getaddrinfow: This is usually a temporary error during hostname resolution and means that the local server did not receive a response from an authoritative server.
ERROR: 2025/08/11 06:49:22 logger.go:35: Failed to query movies: dial tcp: lookup pg-movielist-cyrusk81-829a.e.aivencloud.com: getaddrinfow: This is usually a temporary error during hostname resolution and means that the local server did not receive a response from an authoritative server.
ERROR: 2025/08/11 06:49:22 logger.go:35: Failed to get movies: dial tcp: lookup pg-movielist-cyrusk81-829a.e.aivencloud.com: getaddrinfow: This is usually a temporary error during hostname resolution and means that the local server did not receive a response from an authoritative server.
ERROR: 2025/08/11 06:49:22 logger.go:35: Failed to query movies: dial tcp: lookup pg-movielist-cyrusk81-829a.e.aivencloud.com: getaddrinfow: This is usually a temporary error during hostname resolution and means that the local server did not receive a response from an authoritative server.
ERROR: 2025/08/11 06:49:22 logger.go:35: Failed to get movies: dial tcp: lookup pg-movielist-cyrusk81-829a.e.aivencloud.com: getaddrinfow: This is usually a temporary error during hostname resolution and means that the local server did not receive a response from an authoritative server.
ERROR: 2025/08/11 06:49:22 logger.go:35: Failed to query movies: dial tcp: lookup pg-movielist-cyrusk81-829a.e.aivencloud.com: getaddrinfow: This is usually a temporary error during hostname resolution and means that the local server did not receive a response from an authoritative server.
ERROR: 2025/08/11 06:49:22 logger.go:35: Failed to get movies: dial tcp: lookup pg-movielist-cyrusk81-829a.e.aivencloud.com: getaddrinfow: This is usually a temporary error during hostname resolution and means that the local server did not receive a response from an authoritative server.
ERROR: 2025/08/11 06:49:22 logger.go:35: Failed to query movies: dial tcp: lookup pg-movielist-cyrusk81-829a.e.aivencloud.com: getaddrinfow: This is usually a temporary error during hostname resolution and means that the local server did not receive a response from an authoritative server.
ERROR: 2025/08/11 06:49:22 logger.go:35: Failed to get movies: dial tcp: lookup pg-movielist-cyrusk81-829a.e.aivencloud.com: getaddrinfow: This is usually a temporary error during hostname resolution and means that the local server did not receive a response from an authoritative server.
ERROR: 2025/08/11 06:49:22 logger.go:35: Failed to query movies: dial tcp: lookup pg-movielist-cyrusk81-829a.e.aivencloud.com: getaddrinfow: This is usually a temporary error during hostname resolution and means that the local server did not receive a response from an authoritative server.
ERROR: 2025/08/11 06:49:22 logger.go:35: Failed to get movies: dial tcp: lookup pg-movielist-cyrusk81-829a.e.aivencloud.com: getaddrinfow: This is usually a temporary error during hostname resolution and means that the local server did not receive a response from an authoritative server.
ERROR: 2025/08/11 06:49:22 logger.go:35: Failed to query movies: dial tcp: lookup pg-movielist-cyrusk81-829a.e.aivencloud.com: getaddrinfow: This is usually a temporary error during hostname resolution and means that the local server did not receive a response from an authoritative server.
ERROR: 2025/08/11 06:49:22 logger.go:35: Failed to get movies: dial tcp: lookup pg-movielist-cyrusk81-829a.e.aivencloud.com: getaddrinfow: This is usually a temporary error during hostname resolution and means that the local server did not receive a response from an authoritative server.
ERROR: 2025/08/11 06:49:22 logger.go:35: Failed to query movies: dial tcp: lookup pg-movielist-cyrusk81-829a.e.aivencloud.com: getaddrinfow: This is usually a temporary error during hostname resolution and means that the local server did not receive a response from an authoritative server.
ERROR: 2025/08/11 06:49:22 logger.go:35: Failed to get movies: dial tcp: lookup pg-movielist-cyrusk81-829a.e.aivencloud.com: getaddrinfow: This is usually a temporary error during hostname resolution and means that the local server did not receive a response from an authoritative server.
ERROR: 2025/08/11 06:49:22 logger.go:35: Failed to query movies: dial tcp: lookup pg-movielist-cyrusk81-829a.e.aivencloud.com: getaddrinfow: This is usually a temporary error during hostname resolution and means that the local server did not receive a response from an authoritative server.
ERROR: 2025/08/11 06:49:22 logger.go:35: Failed to get movies: dial tcp: lookup pg-movielist-cyrusk81-829a.e.aivencloud.com: getaddrinfow: This is usually a temporary error during hostname resolution and means that the local server did not receive a response from an authoritative server.
ERROR: 2025/08/11 06:49:22 logger.go:35: Failed to query movies: dial tcp: lookup pg-movielist-cyrusk81-829a.e.aivencloud.com: getaddrinfow: This is usually a temporary error during hostname resolution and means that the local server did not receive a response from an authoritative server.
ERROR: 2025/08/11 06:49:22 logger.go:35: Failed to get movies: dial tcp: lookup pg-movielist-cyrusk81-829a.e.aivencloud.com: getaddrinfow: This is usually a temporary error during hostname resolution and means that the local server did not receive a response from an authoritative server.
ERROR: 2025/08/11 06:49:22 logger.go:35: Failed to query movies: dial tcp: lookup pg-movielist-cyrusk81-829a.e.aivencloud.com: getaddrinfow: This is usually a temporary error during hostname resolution and means that the local server did not receive a response from an authoritative server.
ERROR: 2025/08/11 06:49:22 logger.go:35: Failed to get movies: dial tcp: lookup pg-movielist-cyrusk81-829a.e.aivencloud.com: getaddrinfow: This is usually a temporary error during hostname resolution and means that the local server did not receive a response from an authoritative server.
ERROR: 2025/08/11 06:49:38 logger.go:35: Failed to query movies: dial tcp: lookup pg-movielist-cyrusk81-829a.e.aivencloud.com: no such host
ERROR: 2025/08/11 06:49:38 logger.go:35: Failed to get movies: dial tcp: lookup pg-movielist-cyrusk81-829a.e.aivencloud.com: no such host
ERROR: 2025/08/11 06:49:38 logger.go:35: Failed to query movies: dial tcp: lookup pg-movielist-cyrusk81-829a.e.aivencloud.com: no such host
ERROR: 2025/08/11 06:49:38 logger.go:35: Failed to get movies: dial tcp: lookup pg-movielist-cyrusk81-829a.e.aivencloud.com: no such host
ERROR: 2025/08/11 06:51:14 logger.go:35: Failed to query movies: dial tcp: lookup pg-movielist-cyrusk81-829a.e.aivencloud.com: no such host
ERROR: 2025/08/11 06:51:14 logger.go:35: Failed to get movies: dial tcp: lookup pg-movielist-cyrusk81-829a.e.aivencloud.com: no such host
ERROR: 2025/08/11 06:52:04 logger.go:35: Failed to query movies: dial tcp: lookup pg-movielist-cyrusk81-829a.e.aivencloud.com: no such host
ERROR: 2025/08/11 06:52:04 logger.go:35: Failed to get movies: dial tcp: lookup pg-movielist-cyrusk81-829a.e.aivencloud.com: no such host
ERROR: 2025/08/11 06:52:04 logger.go:35: Failed to query movies: dial tcp: lookup pg-movielist-cyrusk81-829a.e.aivencloud.com: no such host
ERROR: 2025/08/11 06:52:04 logger.go:35: Failed to get movies: dial tcp: lookup pg-movielist-cyrusk81-829a.e.aivencloud.com: no such host
ERROR: 2025/08/11 06:52:05 logger.go:35: Failed to query movies: dial tcp: lookup pg-movielist-cyrusk81-829a.e.aivencloud.com: getaddrinfow: This is usually a temporary error during hostname resolution and means that the local server did not receive a response from an authoritative server.
ERROR: 2025/08/11 06:52:05 logger.go:35: Failed to get movies: dial tcp: lookup pg-movielist-cyrusk81-829a.e.aivencloud.com: getaddrinfow: This is usually a temporary error during hostname resolution and means that the local server did not receive a response from an authoritative server.
ERROR: 2025/08/11 06:52:05 logger.go:35: Failed to query movies: dial tcp: lookup pg-movielist-cyrusk81-829a.e.aivencloud.com: getaddrinfow: This is usually a temporary error during hostname resolution and means that the local server did not receive a response from an authoritative server.
ERROR: 2025/08/11 06:52:05 logger.go:35: Failed to get movies: dial tcp: lookup pg-movielist-cyrusk81-829a.e.aivencloud.com: getaddrinfow: This is usually a temporary error during hostname resolution and means that the local server did not receive a response from an authoritative server.
ERROR: 2025/08/11 06:52:07 logger.go:35: Failed to query movies: dial tcp: lookup pg-movielist-cyrusk81-829a.e.aivencloud.com: getaddrinfow: This is usually a temporary error during hostname resolution and means that the local server did not receive a response from an authoritative server.
ERROR: 2025/08/11 06:52:07 logger.go:35: Failed to get movies: dial tcp: lookup pg-movielist-cyrusk81-829a.e.aivencloud.com: getaddrinfow: This is usually a temporary error during hostname resolution and means that the local server did not receive a response from an authoritative server.
ERROR: 2025/08/11 06:52:07 logger.go:35: Failed to query movies: dial tcp: lookup pg-movielist-cyrusk81-829a.e.aivencloud.com: getaddrinfow: This is usually a temporary error during hostname resolution and means that the local server did not receive a response from an authoritative server.
ERROR: 2025/08/11 06:52:07 logger.go:35: Failed to get movies: dial tcp: lookup pg-movielist-cyrusk81-829a.e.aivencloud.com: getaddrinfow: This is usually a temporary error during hostname resolution and means that the local server did not receive a response from an authoritative server.
ERROR: 2025/08/11 06:55:41 logger.go:35: Failed to query movies: dial tcp: lookup pg-movielist-cyrusk81-829a.e.aivencloud.com: no such host
ERROR: 2025/08/11 06:55:41 logger.go:35: Failed to query movies: dial tcp: lookup pg-movielist-cyrusk81-829a.e.aivencloud.com: no such host
ERROR: 2025/08/11 06:55:41 logger.go:35: Failed to get movies: dial tcp: lookup pg-movielist-cyrusk81-829a.e.aivencloud.com: no such host
ERROR: 2025/08/11 06:55:41 logger.go:35: Failed to get movies: dial tcp: lookup pg-movielist-cyrusk81-829a.e.aivencloud.com: no such host
ERROR: 2025/08/11 06:55:42 logger.go:35: Failed to query movies: dial tcp: lookup pg-movielist-cyrusk81-829a.e.aivencloud.com: getaddrinfow: This is usually a temporary error during hostname resolution and means that the local server did not receive a response from an authoritative server.
ERROR: 2025/08/11 06:55:42 logger.go:35: Failed to get movies: dial tcp: lookup pg-movielist-cyrusk81-829a.e.aivencloud.com: getaddrinfow: This is usually a temporary error during hostname resolution and means that the local server did not receive a response from an authoritative server.
ERROR: 2025/08/11 06:55:42 logger.go:35: Failed to query movies: dial tcp: lookup pg-movielist-cyrusk81-829a.e.aivencloud.com: getaddrinfow: This is usually a temporary error during hostname resolution and means that the local server did not receive a response from an authoritative server.
ERROR: 2025/08/11 06:55:42 logger.go:35: Failed to get movies: dial tcp: lookup pg-movielist-cyrusk81-829a.e.aivencloud.com: getaddrinfow: This is usually a temporary error during hostname resolution and means that the local server did not receive a response from an authoritative server.
ERROR: 2025/08/11 06:55:43 logger.go:35: Failed to query movies: dial tcp: lookup pg-movielist-cyrusk81-829a.e.aivencloud.com: getaddrinfow: This is usually a temporary error during hostname resolution and means that the local server did not receive a response from an authoritative server.
ERROR: 2025/08/11 06:55:43 logger.go:35: Failed to get movies: dial tcp: lookup pg-movielist-cyrusk81-829a.e.aivencloud.com: getaddrinfow: This is usually a temporary error during hostname resolution and means that the local server did not receive a response from an authoritative server.
ERROR: 2025/08/11 06:55:43 logger.go:35: Failed to query movies: dial tcp: lookup pg-movielist-cyrusk81-829a.e.aivencloud.com: getaddrinfow: This is usually a temporary error during hostname resolution and means that the local server did not receive a response from an authoritative server.
ERROR: 2025/08/11 06:55:43 logger.go:35: Failed to get movies: dial tcp: lookup pg-movielist-cyrusk81-829a.e.aivencloud.com: getaddrinfow: This is usually a temporary error during hostname resolution and means that the local server did not receive a response from an authoritative server.
ERROR: 2025/08/11 06:55:43 logger.go:35: Failed to query movies: dial tcp: lookup pg-movielist-cyrusk81-829a.e.aivencloud.com: getaddrinfow: This is usually a temporary error during hostname resolution and means that the local server did not receive a response from an authoritative server.
ERROR: 2025/08/11 06:55:43 logger.go:35: Failed to get movies: dial tcp: lookup pg-movielist-cyrusk81-829a.e.aivencloud.com: getaddrinfow: This is usually a temporary error during hostname resolution and means that the local server did not receive a response from an authoritative server.
ERROR: 2025/08/11 06:55:43 logger.go:35: Failed to query movies: dial tcp: lookup pg-movielist-cyrusk81-829a.e.aivencloud.com: getaddrinfow: This is usually a temporary error during hostname resolution and means that the local server did not receive a response from an authoritative server.
ERROR: 2025/08/11 06:55:43 logger.go:35: Failed to get movies: dial tcp: lookup pg-movielist-cyrusk81-829a.e.aivencloud.com: getaddrinfow: This is usually a temporary error during hostname resolution and means that the local server did not receive a response from an authoritative server.
ERROR: 2025/08/11 06:55:43 logger.go:35: Failed to query movies: dial tcp: lookup pg-movielist-cyrusk81-829a.e.aivencloud.com: getaddrinfow: This is usually a temporary error during hostname resolution and means that the local server did not receive a response from an authoritative server.
ERROR: 2025/08/11 06:55:43 logger.go:35: Failed to get movies: dial tcp: lookup pg-movielist-cyrusk81-829a.e.aivencloud.com: getaddrinfow: This is usually a temporary error during hostname resolution and means that the local server did not receive a response from an authoritative server.
ERROR: 2025/08/11 06:55:43 logger.go:35: Failed to query movies: dial tcp: lookup pg-movielist-cyrusk81-829a.e.aivencloud.com: getaddrinfow: This is usually a temporary error during hostname resolution and means that the local server did not receive a response from an authoritative server.
ERROR: 2025/08/11 06:55:43 logger.go:35: Failed to get movies: dial tcp: lookup pg-movielist-cyrusk81-829a.e.aivencloud.com: getaddrinfow: This is usually a temporary error during hostname resolution and means that the local server did not receive a response from an authoritative server.
ERROR: 2025/08/11 06:55:50 logger.go:35: Failed to query movies: dial tcp: lookup pg-movielist-cyrusk81-829a.e.aivencloud.com: no such host
ERROR: 2025/08/11 06:55:50 logger.go:35: Failed to get movies: dial tcp: lookup pg-movielist-cyrusk81-829a.e.aivencloud.com: no such host
ERROR: 2025/08/11 06:55:50 logger.go:35: Failed to query movies: dial tcp: lookup pg-movielist-cyrusk81-829a.e.aivencloud.com: no such host
ERROR: 2025/08/11 06:55:50 logger.go:35: Failed to get movies: dial tcp: lookup pg-movielist-cyrusk81-829a.e.aivencloud.com: no such host
ERROR: 2025/08/11 06:56:23 logger.go:35: Failed to query movies: dial tcp: lookup pg-movielist-cyrusk81-829a.e.aivencloud.com: no such host
ERROR: 2025/08/11 06:56:23 logger.go:35: Failed to get movies: dial tcp: lookup pg-movielist-cyrusk81-829a.e.aivencloud.com: no such host
ERROR: 2025/08/11 06:56:25 logger.go:35: Failed to query movies: dial tcp: lookup pg-movielist-cyrusk81-829a.e.aivencloud.com: getaddrinfow: This is usually a temporary error during hostname resolution and means that the local server did not receive a response from an authoritative server.
ERROR: 2025/08/11 06:56:25 logger.go:35: Failed to get movies: dial tcp: lookup pg-movielist-cyrusk81-829a.e.aivencloud.com: getaddrinfow: This is usually a temporary error during hostname resolution and means that the local server did not receive a response from an authoritative server.
ERROR: 2025/08/11 06:58:07 logger.go:35: Failed to query movies: dial tcp: lookup pg-movielist-cyrusk81-829a.e.aivencloud.com: no such host
ERROR: 2025/08/11 06:58:07 logger.go:35: Failed to query movies: dial tcp: lookup pg-movielist-cyrusk81-829a.e.aivencloud.com: no such host
ERROR: 2025/08/11 06:58:07 logger.go:35: Failed to get movies: dial tcp: lookup pg-movielist-cyrusk81-829a.e.aivencloud.com: no such host
ERROR: 2025/08/11 06:58:07 logger.go:35: Failed to get movies: dial tcp: lookup pg-movielist-cyrusk81-829a.e.aivencloud.com: no such host
ERROR: 2025/08/11 06:58:13 logger.go:35: Failed to query movies: dial tcp: lookup pg-movielist-cyrusk81-829a.e.aivencloud.com: no such host
ERROR: 2025/08/11 06:58:13 logger.go:35: Failed to get movies: dial tcp: lookup pg-movielist-cyrusk81-829a.e.aivencloud.com: no such host
ERROR: 2025/08/11 06:58:13 logger.go:35: Failed to query movies: dial tcp: lookup pg-movielist-cyrusk81-829a.e.aivencloud.com: no such host
ERROR: 2025/08/11 06:58:13 logger.go:35: Failed to get movies: dial tcp: lookup pg-movielist-cyrusk81-829a.e.aivencloud.com: no such host
ERROR: 2025/08/11 07:05:08 logger.go:35: Failed to query movies: dial tcp: lookup pg-movielist-cyrusk81-829a.e.aivencloud.com: no such host
ERROR: 2025/08/11 07:05:08 logger.go:35: Failed to get movies: dial tcp: lookup pg-movielist-cyrusk81-829a.e.aivencloud.com: no such host
ERROR: 2025/08/11 07:05:08 logger.go:35: Failed to query movies: dial tcp: lookup pg-movielist-cyrusk81-829a.e.aivencloud.com: no such host
ERROR: 2025/08/11 07:05:08 logger.go:35: Failed to get movies: dial tcp: lookup pg-movielist-cyrusk81-829a.e.aivencloud.com: no such host
ERROR: 2025/08/11 07:05:14 logger.go:35: Failed to query movies: dial tcp: lookup pg-movielist-cyrusk81-829a.e.aivencloud.com: no such host
ERROR: 2025/08/11 07:05:14 logger.go:35: Failed to get movies: dial tcp: lookup pg-movielist-cyrusk81-829a.e.aivencloud.com: no such host
ERROR: 2025/08/11 07:05:14 logger.go:35: Failed to query movies: dial tcp: lookup pg-movielist-cyrusk81-829a.e.aivencloud.com: no such host
ERROR: 2025/08/11 07:05:14 logger.go:35: Failed to get movies: dial tcp: lookup pg-movielist-cyrusk81-829a.e.aivencloud.com: no such host
ERROR: 2025/08/11 07:05:15 logger.go:35: Failed to query movies: dial tcp: lookup pg-movielist-cyrusk81-829a.e.aivencloud.com: getaddrinfow: This is usually a temporary error during hostname resolution and means that the local server did not receive a response from an authoritative server.
ERROR: 2025/08/11 07:05:15 logger.go:35: Failed to get movies: dial tcp: lookup pg-movielist-cyrusk81-829a.e.aivencloud.com: getaddrinfow: This is usually a temporary error during hostname resolution and means that the local server did not receive a response from an authoritative server.
ERROR: 2025/08/11 07:05:15 logger.go:35: Failed to query movies: dial tcp: lookup pg-movielist-cyrusk81-829a.e.aivencloud.com: getaddrinfow: This is usually a temporary error during hostname resolution and means that the local server did not receive a response from an authoritative server.
ERROR: 2025/08/11 07:05:15 logger.go:35: Failed to get movies: dial tcp: lookup pg-movielist-cyrusk81-829a.e.aivencloud.com: getaddrinfow: This is usually a temporary error during hostname resolution and means that the local server did not receive a response from an authoritative server.
ERROR: 2025/08/11 07:05:16 logger.go:35: Failed to query movies: dial tcp: lookup pg-movielist-cyrusk81-829a.e.aivencloud.com: getaddrinfow: This is usually a temporary error during hostname resolution and means that the local server did not receive a response from an authoritative server.
ERROR: 2025/08/11 07:05:16 logger.go:35: Failed to get movies: dial tcp: lookup pg-movielist-cyrusk81-829a.e.aivencloud.com: getaddrinfow: This is usually a temporary error during hostname resolution and means that the local server did not receive a response from an authoritative server.
ERROR: 2025/08/11 07:05:16 logger.go:35: Failed to query movies: dial tcp: lookup pg-movielist-cyrusk81-829a.e.aivencloud.com: getaddrinfow: This is usually a temporary error during hostname resolution and means that the local server did not receive a response from an authoritative server.
ERROR: 2025/08/11 07:05:16 logger.go:35: Failed to get movies: dial tcp: lookup pg-movielist-cyrusk81-829a.e.aivencloud.com: getaddrinfow: This is usually a temporary error during hostname resolution and means that the local server did not receive a response from an authoritative server.
ERROR: 2025/08/11 07:05:16 logger.go:35: Failed to query movies: dial tcp: lookup pg-movielist-cyrusk81-829a.e.aivencloud.com: getaddrinfow: This is usually a temporary error during hostname resolution and means that the local server did not receive a response from an authoritative server.
ERROR: 2025/08/11 07:05:16 logger.go:35: Failed to get movies: dial tcp: lookup pg-movielist-cyrusk81-829a.e.aivencloud.com: getaddrinfow: This is usually a temporary error during hostname resolution and means that the local server did not receive a response from an authoritative server.
ERROR: 2025/08/11 07:05:16 logger.go:35: Failed to query movies: dial tcp: lookup pg-movielist-cyrusk81-829a.e.aivencloud.com: getaddrinfow: This is usually a temporary error during hostname resolution and means that the local server did not receive a response from an authoritative server.
ERROR: 2025/08/11 07:05:16 logger.go:35: Failed to get movies: dial tcp: lookup pg-movielist-cyrusk81-829a.e.aivencloud.com: getaddrinfow: This is usually a temporary error during hostname resolution and means that the local server did not receive a response from an authoritative server.
ERROR: 2025/08/11 07:05:16 logger.go:35: Failed to query movies: dial tcp: lookup pg-movielist-cyrusk81-829a.e.aivencloud.com: getaddrinfow: This is usually a temporary error during hostname resolution and means that the local server did not receive a response from an authoritative server.
ERROR: 2025/08/11 07:05:16 logger.go:35: Failed to get movies: dial tcp: lookup pg-movielist-cyrusk81-829a.e.aivencloud.com: getaddrinfow: This is usually a temporary error during hostname resolution and means that the local server did not receive a response from an authoritative server.
ERROR: 2025/08/11 07:05:16 logger.go:35: Failed to query movies: dial tcp: lookup pg-movielist-cyrusk81-829a.e.aivencloud.com: getaddrinfow: This is usually a temporary error during hostname resolution and means that the local server did not receive a response from an authoritative server.
ERROR: 2025/08/11 07:05:16 logger.go:35: Failed to get movies: dial tcp: lookup pg-movielist-cyrusk81-829a.e.aivencloud.com: getaddrinfow: This is usually a temporary error during hostname resolution and means that the local server did not receive a response from an authoritative server.
ERROR: 2025/08/11 07:05:16 logger.go:35: Failed to query movies: dial tcp: lookup pg-movielist-cyrusk81-829a.e.aivencloud.com: getaddrinfow: This is usually a temporary error during hostname resolution and means that the local server did not receive a response from an authoritative server.
ERROR: 2025/08/11 07:05:16 logger.go:35: Failed to get movies: dial tcp: lookup pg-movielist-cyrusk81-829a.e.aivencloud.com: getaddrinfow: This is usually a temporary error during hostname resolution and means that the local server did not receive a response from an authoritative server.
ERROR: 2025/08/11 07:05:16 logger.go:35: Failed to query movies: dial tcp: lookup pg-movielist-cyrusk81-829a.e.aivencloud.com: getaddrinfow: This is usually a temporary error during hostname resolution and means that the local server did not receive a response from an authoritative server.
ERROR: 2025/08/11 07:05:16 logger.go:35: Failed to get movies: dial tcp: lookup pg-movielist-cyrusk81-829a.e.aivencloud.com: getaddrinfow: This is usually a temporary error during hostname resolution and means that the local server did not receive a response from an authoritative server.
ERROR: 2025/08/11 07:05:17 logger.go:35: Failed to query movies: dial tcp: lookup pg-movielist-cyrusk81-829a.e.aivencloud.com: getaddrinfow: This is usually a temporary error during hostname resolution and means that the local server did not receive a response from an authoritative server.
ERROR: 2025/08/11 07:05:17 logger.go:35: Failed to get movies: dial tcp: lookup pg-movielist-cyrusk81-829a.e.aivencloud.com: getaddrinfow: This is usually a temporary error during hostname resolution and means that the local server did not receive a response from an authoritative server.
ERROR: 2025/08/11 07:05:17 logger.go:35: Failed to query movies: dial tcp: lookup pg-movielist-cyrusk81-829a.e.aivencloud.com: getaddrinfow: This is usually a temporary error during hostname resolution and means that the local server did not receive a response from an authoritative server.
ERROR: 2025/08/11 07:05:17 logger.go:35: Failed to get movies: dial tcp: lookup pg-movielist-cyrusk81-829a.e.aivencloud.com: getaddrinfow: This is usually a temporary error during hostname resolution and means that the local server did not receive a response from an authoritative server.
ERROR: 2025/08/11 07:05:17 logger.go:35: Failed to query movies: dial tcp: lookup pg-movielist-cyrusk81-829a.e.aivencloud.com: getaddrinfow: This is usually a temporary error during hostname resolution and means that the local server did not receive a response from an authoritative server.
ERROR: 2025/08/11 07:05:17 logger.go:35: Failed to get movies: dial tcp: lookup pg-movielist-cyrusk81-829a.e.aivencloud.com: getaddrinfow: This is usually a temporary error during hostname resolution and means that the local server did not receive a response from an authoritative server.
ERROR: 2025/08/11 07:05:17 logger.go:35: Failed to query movies: dial tcp: lookup pg-movielist-cyrusk81-829a.e.aivencloud.com: getaddrinfow: This is usually a temporary error during hostname resolution and means that the local server did not receive a response from an authoritative server.
ERROR: 2025/08/11 07:05:17 logger.go:35: Failed to get movies: dial tcp: lookup pg-movielist-cyrusk81-829a.e.aivencloud.com: getaddrinfow: This is usually a temporary error during hostname resolution and means that the local server did not receive a response from an authoritative server.
ERROR: 2025/08/11 08:02:20 logger.go:35: Failed to decode registration request: EOF
ERROR: 2025/08/11 08:03:14 logger.go:35: User already exists with email: test@example.com: user already exists
ERROR: 2025/08/11 08:24:57 logger.go:35: Failed to decode registration request: EOF
ERROR: 2025/08/11 08:25:01 logger.go:35: Failed to decode registration request: EOF
ERROR: 2025/08/11 12:34:32 logger.go:35: User already exists with email: jankybooboo@wemail.com: user already exists
ERROR: 2025/08/11 12:52:16 logger.go:35: Password mismatch for email: jankybooboo@wemail.com: <nil>
ERROR: 2025/08/11 12:52:16 logger.go:35: Authentication error: authentication failed: authentication failed
ERROR: 2025/08/11 12:52:33 logger.go:35: User already exists with email: jankybooboo@wemail.com: user already exists
ERROR: 2025/08/13 06:17:55 logger.go:35: Failed to scan movie row: sql: Scan error on column index 4, name "release_year": converting NULL to int is unsupported
ERROR: 2025/08/13 06:17:55 logger.go:35: Failed to get movies: sql: Scan error on column index 4, name "release_year": converting NULL to int is unsupported
